16:11:16.514 [main] INFO  com.sohu.springbootdemo.SpringbootDemoApplication [line:48] - Starting SpringbootDemoApplication on HAOCHEN214934 with PID 76564 (D:\sohu_project\Pnews\springboot-demo\target\classes started by haochen214934 in D:\sohu_project\Pnews\springboot-demo)
16:11:16.518 [main] INFO  com.sohu.springbootdemo.SpringbootDemoApplication [line:666] - The following profiles are active: test
16:11:18.482 [main] INFO  org.apache.catalina.core.StandardService [line:179] - Starting service [Tomcat]
16:11:18.483 [main] INFO  org.apache.catalina.core.StandardEngine [line:179] - Starting Servlet Engine: Apache Tomcat/8.5.15
16:11:18.580 [localhost-startStop-1] INFO  o.a.c.core.ContainerBase.[Tomcat].[localhost].[/] [line:179] - Initializing Spring embedded WebApplicationContext
16:11:19.536 [main] INFO  com.sohu.springbootdemo.SpringbootDemoApplication [line:57] - Started SpringbootDemoApplication in 3.96 seconds (JVM running for 5.88)
16:11:23.976 [http-nio-8888-exec-1] INFO  o.a.c.core.ContainerBase.[Tomcat].[localhost].[/] [line:179] - Initializing Spring FrameworkServlet 'dispatcherServlet'
16:11:24.079 [http-nio-8888-exec-1] INFO  com.alibaba.druid.pool.DruidDataSource [line:930] - {dataSource-1} inited
16:11:24.373 [http-nio-8888-exec-1] INFO  com.sohu.springbootdemo.controller.TestController [line:102] - {"msg":"访问成功","code":"C0000","costTm":284,"time":1564128684019,"items":[{"dateline":"2016-03-05 12:34:07","subject":"我们要求退车还钱！","cityname":"河南","arename":"濮阳市","domainname":"交通","forumname":"清丰县委书记","id":500011,"subjectcontent":"领导您好:,我是一个农民，为了孩子的未来，给孩子买了一辆宇通纯电动客车，觉得这是国家的大政策，未来的趋势！可谁曾想买了车不能跑！而且县级的公交公司还欺诈我们！我们这一片的人共买了24辆车，买车的时候说好的有路线到濮阳市华龙区岳村，跟市内公交车31路接头！我们按照线路图跑到岳村，可是市交通执法大队把我们车上的营运证给扣了，说我们越界了！可是当我们的营运证被扣的时候执法大队就告诉我们营运证只到吉张吴没有到岳村！这不是在欺骗我们老百姓吗？,我们还没跑了几天三厂到濮阳市的车堵我们不让我们跑车！四公司到濮阳市的也堵住我们不让我们跑车！弄得我们没办法公司领导就决定让市公交车31路往吉张吴方向延伸，和市公交车达成一致决定要延伸时，四公司和三厂的车就去岳村堵住31路市公交车不让他们延伸，最后没办法公司就给我们改线路，改线路后我们就走209省道，福堪到濮阳和六塔到濮阳的车也是堵我们不让我们走209省道，这国家的政策怎么到了下面就成这样了呢？弄得我们好像是做贼一样！,我们跑车这个路线改来改去到现在也没有办法跑车问公司领导总是说在协调在协调，一直都没有办法解决！可是这样总是停着也不是办法啊？从买车到现在都已经过去一个多月了！还请何书记您给我们赶快解决问题！我们老农民辛苦半辈子就攒了那么点钱全部都投在车上了！现在也没有办法跑车！这几天一直都没有解决，我们买的还是环保型的纯电动客车！我们不要了，退车还钱！","answercontent":"网友您好：,经查，县通达公交客运公司投入的24辆新能源电动客车，运营乡级城乡公交客运线路为仙庄镇河町村至六塔乡吉张吴村，未到华龙区岳村。部分车主要求退车，已由县通达公交客运公司做出相应处理。,欢迎您继续关注清丰的发展，并对我们的工作及时提出宝贵意见和建议。,","typename":"求助","url":"http://liuyan.people.com.cn/threads/content?tid=3485262"}]}
16:12:17.190 [http-nio-8888-exec-3] INFO  com.sohu.springbootdemo.controller.TestController [line:102] - {"msg":"访问成功","code":"C0000","costTm":5,"time":1564128737185,"items":[{"dateline":"2015-09-17 16:36:56","subject":"临颍县临聘教师生存问题！！！！","cityname":"河南","arename":"漯河市","domainname":"教育","forumname":"漯河市委书记蒿慧杰","id":500022,"subjectcontent":"我是一名高中代课教师，2007年大学毕业进入临颍县三高代课至今，单位一直不给解决财政编制，五险一金中只给交了医疗保险，其余四险一金都没有。工作中与编制内教师许多地方待遇不同，处处受歧视。我们学校有60多位这样的代课教师，还有二高也有60多人，一高至少100多人。,我们的诉求是：限定时间给我们解决财政编制；补交我们工作以来少交纳的五险一金。 请县领导到各单位查明事实，为我们代课教师解决生存问题。","answercontent":"","typename":"求助","url":"http://liuyan.people.com.cn/threads/content?tid=3184214"}]}
16:22:46.469 [main] INFO  com.sohu.springbootdemo.SpringbootDemoApplication [line:48] - Starting SpringbootDemoApplication on HAOCHEN214934 with PID 70924 (D:\sohu_project\Pnews\springboot-demo\target\classes started by haochen214934 in D:\sohu_project\Pnews\springboot-demo)
16:22:46.473 [main] INFO  com.sohu.springbootdemo.SpringbootDemoApplication [line:666] - The following profiles are active: test
16:22:48.220 [main] INFO  org.apache.catalina.core.StandardService [line:179] - Starting service [Tomcat]
16:22:48.221 [main] INFO  org.apache.catalina.core.StandardEngine [line:179] - Starting Servlet Engine: Apache Tomcat/8.5.15
16:22:48.305 [localhost-startStop-1] INFO  o.a.c.core.ContainerBase.[Tomcat].[localhost].[/] [line:179] - Initializing Spring embedded WebApplicationContext
16:22:49.256 [main] INFO  com.sohu.springbootdemo.SpringbootDemoApplication [line:57] - Started SpringbootDemoApplication in 3.751 seconds (JVM running for 6.051)
16:22:52.665 [http-nio-8888-exec-1] INFO  o.a.c.core.ContainerBase.[Tomcat].[localhost].[/] [line:179] - Initializing Spring FrameworkServlet 'dispatcherServlet'
16:22:52.763 [http-nio-8888-exec-1] INFO  com.alibaba.druid.pool.DruidDataSource [line:930] - {dataSource-1} inited
16:22:53.050 [http-nio-8888-exec-1] INFO  com.sohu.springbootdemo.controller.TestController [line:119] - {"msg":"访问成功","code":"C0000","costTm":279,"time":1564129372706,"items":[{"dateline":"2015-09-17 16:36:56","subject":"临颍县临聘教师生存问题！！！！","cityname":"河南","arename":"漯河市","domainname":"教育","forumname":"漯河市委书记蒿慧杰","id":500022,"subjectcontent":"我是一名高中代课教师，2007年大学毕业进入临颍县三高代课至今，单位一直不给解决财政编制，五险一金中只给交了医疗保险，其余四险一金都没有。工作中与编制内教师许多地方待遇不同，处处受歧视。我们学校有60多位这样的代课教师，还有二高也有60多人，一高至少100多人。,我们的诉求是：限定时间给我们解决财政编制；补交我们工作以来少交纳的五险一金。 请县领导到各单位查明事实，为我们代课教师解决生存问题。","answercontent":"","typename":"求助","url":"http://liuyan.people.com.cn/threads/content?tid=3184214"}]}
16:26:13.404 [main] INFO  com.sohu.springbootdemo.SpringbootDemoApplication [line:48] - Starting SpringbootDemoApplication on HAOCHEN214934 with PID 71736 (D:\sohu_project\Pnews\springboot-demo\target\classes started by haochen214934 in D:\sohu_project\Pnews\springboot-demo)
16:26:13.409 [main] INFO  com.sohu.springbootdemo.SpringbootDemoApplication [line:666] - The following profiles are active: test
16:26:15.133 [main] INFO  org.apache.catalina.core.StandardService [line:179] - Starting service [Tomcat]
16:26:15.134 [main] INFO  org.apache.catalina.core.StandardEngine [line:179] - Starting Servlet Engine: Apache Tomcat/8.5.15
16:26:15.216 [localhost-startStop-1] INFO  o.a.c.core.ContainerBase.[Tomcat].[localhost].[/] [line:179] - Initializing Spring embedded WebApplicationContext
16:26:16.245 [main] INFO  com.sohu.springbootdemo.SpringbootDemoApplication [line:57] - Started SpringbootDemoApplication in 3.983 seconds (JVM running for 6.422)
16:26:19.972 [http-nio-8888-exec-1] INFO  o.a.c.core.ContainerBase.[Tomcat].[localhost].[/] [line:179] - Initializing Spring FrameworkServlet 'dispatcherServlet'
16:30:40.091 [main] INFO  com.sohu.springbootdemo.SpringbootDemoApplication [line:48] - Starting SpringbootDemoApplication on HAOCHEN214934 with PID 54928 (D:\sohu_project\Pnews\springboot-demo\target\classes started by haochen214934 in D:\sohu_project\Pnews\springboot-demo)
16:30:40.098 [main] INFO  com.sohu.springbootdemo.SpringbootDemoApplication [line:666] - The following profiles are active: test
16:30:41.697 [main] INFO  org.apache.catalina.core.StandardService [line:179] - Starting service [Tomcat]
16:30:41.698 [main] INFO  org.apache.catalina.core.StandardEngine [line:179] - Starting Servlet Engine: Apache Tomcat/8.5.15
16:30:41.776 [localhost-startStop-1] INFO  o.a.c.core.ContainerBase.[Tomcat].[localhost].[/] [line:179] - Initializing Spring embedded WebApplicationContext
16:30:41.906 [localhost-startStop-1] INFO  com.sohu.springbootdemo.Filter.UrlFilter [line:22] - ----------------------->过滤器被创建
16:30:42.884 [main] INFO  com.sohu.springbootdemo.SpringbootDemoApplication [line:57] - Started SpringbootDemoApplication in 3.764 seconds (JVM running for 4.917)
16:31:22.252 [http-nio-8888-exec-1] INFO  o.a.c.core.ContainerBase.[Tomcat].[localhost].[/] [line:179] - Initializing Spring FrameworkServlet 'dispatcherServlet'
16:31:22.276 [http-nio-8888-exec-1] INFO  com.sohu.springbootdemo.Filter.UrlFilter [line:29] - --------------------->过滤器：请求地址/test/success/ss
16:31:27.986 [http-nio-8888-exec-3] INFO  com.sohu.springbootdemo.Filter.UrlFilter [line:29] - --------------------->过滤器：请求地址/test/success/info
16:32:00.447 [http-nio-8888-exec-4] INFO  com.sohu.springbootdemo.Filter.UrlFilter [line:29] - --------------------->过滤器：请求地址/test/success/ff
16:32:37.970 [main] INFO  com.sohu.springbootdemo.SpringbootDemoApplication [line:48] - Starting SpringbootDemoApplication on HAOCHEN214934 with PID 19344 (D:\sohu_project\Pnews\springboot-demo\target\classes started by haochen214934 in D:\sohu_project\Pnews\springboot-demo)
16:32:37.977 [main] INFO  com.sohu.springbootdemo.SpringbootDemoApplication [line:666] - The following profiles are active: test
16:32:39.493 [main] INFO  org.apache.catalina.core.StandardService [line:179] - Starting service [Tomcat]
16:32:39.493 [main] INFO  org.apache.catalina.core.StandardEngine [line:179] - Starting Servlet Engine: Apache Tomcat/8.5.15
16:32:39.584 [localhost-startStop-1] INFO  o.a.c.core.ContainerBase.[Tomcat].[localhost].[/] [line:179] - Initializing Spring embedded WebApplicationContext
16:32:39.726 [localhost-startStop-1] INFO  com.sohu.springbootdemo.Filter.UrlFilter [line:24] - ----------------------->过滤器被创建
16:32:40.763 [main] INFO  com.sohu.springbootdemo.SpringbootDemoApplication [line:57] - Started SpringbootDemoApplication in 3.595 seconds (JVM running for 4.534)
16:32:43.080 [http-nio-8888-exec-1] INFO  o.a.c.core.ContainerBase.[Tomcat].[localhost].[/] [line:179] - Initializing Spring FrameworkServlet 'dispatcherServlet'
16:32:43.103 [http-nio-8888-exec-1] INFO  com.sohu.springbootdemo.Filter.UrlFilter [line:31] - --------------------->过滤器：请求地址/test/success/ff
16:32:44.394 [http-nio-8888-exec-2] INFO  com.sohu.springbootdemo.Filter.UrlFilter [line:31] - --------------------->过滤器：请求地址/test/success/ff
16:32:45.256 [http-nio-8888-exec-3] INFO  com.sohu.springbootdemo.Filter.UrlFilter [line:31] - --------------------->过滤器：请求地址/test/success/ff
16:33:16.313 [http-nio-8888-exec-4] INFO  com.sohu.springbootdemo.controller.TestController [line:83] - com.sohu.springbootdemo.Utils.ListObject@20a9140e
16:33:20.524 [http-nio-8888-exec-5] INFO  com.sohu.springbootdemo.controller.TestController [line:83] - com.sohu.springbootdemo.Utils.ListObject@3f4af1e5
16:33:21.745 [http-nio-8888-exec-6] INFO  com.sohu.springbootdemo.controller.TestController [line:83] - com.sohu.springbootdemo.Utils.ListObject@7a3ff803
16:33:22.587 [http-nio-8888-exec-7] INFO  com.sohu.springbootdemo.controller.TestController [line:83] - com.sohu.springbootdemo.Utils.ListObject@e53a955
16:33:33.491 [http-nio-8888-exec-8] INFO  com.sohu.springbootdemo.controller.TestController [line:83] - com.sohu.springbootdemo.Utils.ListObject@64979b0a
16:33:41.317 [http-nio-8888-exec-10] INFO  com.sohu.springbootdemo.controller.TestController [line:83] - com.sohu.springbootdemo.Utils.ListObject@6cf2bea7
16:36:03.201 [main] INFO  com.sohu.springbootdemo.SpringbootDemoApplication [line:48] - Starting SpringbootDemoApplication on HAOCHEN214934 with PID 74756 (D:\sohu_project\Pnews\springboot-demo\target\classes started by haochen214934 in D:\sohu_project\Pnews\springboot-demo)
16:36:03.205 [main] INFO  com.sohu.springbootdemo.SpringbootDemoApplication [line:666] - The following profiles are active: test
16:36:04.740 [main] INFO  org.apache.catalina.core.StandardService [line:179] - Starting service [Tomcat]
16:36:04.741 [main] INFO  org.apache.catalina.core.StandardEngine [line:179] - Starting Servlet Engine: Apache Tomcat/8.5.15
16:36:04.823 [localhost-startStop-1] INFO  o.a.c.core.ContainerBase.[Tomcat].[localhost].[/] [line:179] - Initializing Spring embedded WebApplicationContext
16:36:04.966 [localhost-startStop-1] INFO  com.sohu.springbootdemo.Filter.UrlFilter [line:24] - ----------------------->过滤器被创建
16:36:06.340 [main] INFO  com.sohu.springbootdemo.SpringbootDemoApplication [line:57] - Started SpringbootDemoApplication in 3.945 seconds (JVM running for 4.979)
16:36:08.603 [http-nio-8888-exec-1] INFO  o.a.c.core.ContainerBase.[Tomcat].[localhost].[/] [line:179] - Initializing Spring FrameworkServlet 'dispatcherServlet'
16:36:08.655 [http-nio-8888-exec-1] INFO  com.sohu.springbootdemo.controller.TestController [line:83] - com.sohu.springbootdemo.Utils.ListObject@6d94e602
16:36:10.530 [http-nio-8888-exec-3] INFO  com.sohu.springbootdemo.controller.TestController [line:83] - com.sohu.springbootdemo.Utils.ListObject@6a8edb37
16:36:11.413 [http-nio-8888-exec-2] INFO  com.sohu.springbootdemo.controller.TestController [line:83] - com.sohu.springbootdemo.Utils.ListObject@15d6289
16:36:12.199 [http-nio-8888-exec-4] INFO  com.sohu.springbootdemo.controller.TestController [line:83] - com.sohu.springbootdemo.Utils.ListObject@5008cae1
16:36:12.920 [http-nio-8888-exec-6] INFO  com.sohu.springbootdemo.controller.TestController [line:83] - com.sohu.springbootdemo.Utils.ListObject@457b76fc
16:36:13.717 [http-nio-8888-exec-5] INFO  com.sohu.springbootdemo.controller.TestController [line:83] - com.sohu.springbootdemo.Utils.ListObject@16728ece
16:42:36.614 [main] INFO  com.sohu.springbootdemo.SpringbootDemoApplication [line:48] - Starting SpringbootDemoApplication on HAOCHEN214934 with PID 17220 (D:\sohu_project\Pnews\springboot-demo\target\classes started by haochen214934 in D:\sohu_project\Pnews\springboot-demo)
16:42:36.618 [main] INFO  com.sohu.springbootdemo.SpringbootDemoApplication [line:666] - The following profiles are active: test
16:42:38.577 [main] INFO  org.apache.catalina.core.StandardService [line:179] - Starting service [Tomcat]
16:42:38.578 [main] INFO  org.apache.catalina.core.StandardEngine [line:179] - Starting Servlet Engine: Apache Tomcat/8.5.15
16:42:38.661 [localhost-startStop-1] INFO  o.a.c.core.ContainerBase.[Tomcat].[localhost].[/] [line:179] - Initializing Spring embedded WebApplicationContext
16:42:38.803 [localhost-startStop-1] INFO  com.sohu.springbootdemo.Filter.UrlFilter [line:24] - ----------------------->过滤器被创建
16:42:39.714 [main] INFO  com.sohu.springbootdemo.SpringbootDemoApplication [line:57] - Started SpringbootDemoApplication in 4.244 seconds (JVM running for 6.253)
16:42:46.773 [http-nio-8888-exec-1] INFO  o.a.c.core.ContainerBase.[Tomcat].[localhost].[/] [line:179] - Initializing Spring FrameworkServlet 'dispatcherServlet'
16:42:46.826 [http-nio-8888-exec-1] INFO  com.sohu.springbootdemo.controller.TestController [line:86] - com.sohu.springbootdemo.Utils.ListObject@691e9421
16:43:09.880 [http-nio-8888-exec-3] INFO  com.alibaba.druid.pool.DruidDataSource [line:930] - {dataSource-1} inited
16:43:10.082 [http-nio-8888-exec-3] INFO  com.sohu.springbootdemo.controller.TestController [line:122] - {"msg":"访问成功","code":"C0000","costTm":307,"time":1564130589719,"items":[{"dateline":"2018-04-03 23:38:20","subject":"马庄桥东侧梁庙村拆迁","cityname":"河南","arename":"濮阳市","domainname":"城建","forumname":"清丰县委书记","id":500001,"subjectcontent":"书记您好！我是马庄桥东侧柳格乡梁庙村的，年前有开发商占用我们的土地，搞得老百姓人心惶惶，请问梁庙村在18年棚户改造计划之中吗？","answercontent":"您好：,留言收悉。针对您反映的问题，交办县住建局后，反馈如下：,柳格镇梁庙村目前暂未列入2018年项目谋划，有关棚户区改造问题，可联系县住建局征收办详询，联系电话0393-7266685。,工作人员已及时与您取得联系并反馈有关情况，希望您能够满意，欢迎您继续关注和支持我们的工作。","typename":"咨询","url":"http://liuyan.people.com.cn/threads/content?tid=5047595"}]}
16:43:14.321 [http-nio-8888-exec-4] INFO  com.sohu.springbootdemo.controller.TestController [line:122] - {"msg":"访问成功","code":"C0000","costTm":3,"time":1564130594318,"items":[{"dateline":"2018-04-03 23:38:20","subject":"马庄桥东侧梁庙村拆迁","cityname":"河南","arename":"濮阳市","domainname":"城建","forumname":"清丰县委书记","id":500001,"subjectcontent":"书记您好！我是马庄桥东侧柳格乡梁庙村的，年前有开发商占用我们的土地，搞得老百姓人心惶惶，请问梁庙村在18年棚户改造计划之中吗？","answercontent":"您好：,留言收悉。针对您反映的问题，交办县住建局后，反馈如下：,柳格镇梁庙村目前暂未列入2018年项目谋划，有关棚户区改造问题，可联系县住建局征收办详询，联系电话0393-7266685。,工作人员已及时与您取得联系并反馈有关情况，希望您能够满意，欢迎您继续关注和支持我们的工作。","typename":"咨询","url":"http://liuyan.people.com.cn/threads/content?tid=5047595"}]}
16:43:15.237 [http-nio-8888-exec-5] INFO  com.sohu.springbootdemo.controller.TestController [line:122] - {"msg":"访问成功","code":"C0000","costTm":3,"time":1564130595234,"items":[{"dateline":"2018-04-03 23:38:20","subject":"马庄桥东侧梁庙村拆迁","cityname":"河南","arename":"濮阳市","domainname":"城建","forumname":"清丰县委书记","id":500001,"subjectcontent":"书记您好！我是马庄桥东侧柳格乡梁庙村的，年前有开发商占用我们的土地，搞得老百姓人心惶惶，请问梁庙村在18年棚户改造计划之中吗？","answercontent":"您好：,留言收悉。针对您反映的问题，交办县住建局后，反馈如下：,柳格镇梁庙村目前暂未列入2018年项目谋划，有关棚户区改造问题，可联系县住建局征收办详询，联系电话0393-7266685。,工作人员已及时与您取得联系并反馈有关情况，希望您能够满意，欢迎您继续关注和支持我们的工作。","typename":"咨询","url":"http://liuyan.people.com.cn/threads/content?tid=5047595"}]}
16:43:54.161 [main] INFO  c.s.springbootdemo.SpringbootDemoApplicationTests [line:48] - Starting SpringbootDemoApplicationTests on HAOCHEN214934 with PID 76092 (started by haochen214934 in D:\sohu_project\Pnews\springboot-demo)
16:43:54.163 [main] INFO  c.s.springbootdemo.SpringbootDemoApplicationTests [line:666] - The following profiles are active: test
16:43:58.594 [main] INFO  c.s.springbootdemo.SpringbootDemoApplicationTests [line:57] - Started SpringbootDemoApplicationTests in 5.237 seconds (JVM running for 6.376)
16:45:47.410 [main] INFO  c.s.springbootdemo.SpringbootDemoApplicationTests [line:48] - Starting SpringbootDemoApplicationTests on HAOCHEN214934 with PID 9408 (started by haochen214934 in D:\sohu_project\Pnews\springboot-demo)
16:45:47.413 [main] INFO  c.s.springbootdemo.SpringbootDemoApplicationTests [line:666] - The following profiles are active: test
16:45:51.724 [main] INFO  c.s.springbootdemo.SpringbootDemoApplicationTests [line:57] - Started SpringbootDemoApplicationTests in 5.545 seconds (JVM running for 7.052)
18:05:19.959 [main] INFO  c.s.springbootdemo.SpringbootDemoApplicationTests [line:48] - Starting SpringbootDemoApplicationTests on HAOCHEN214934 with PID 76788 (started by haochen214934 in D:\sohu_project\Pnews\springboot-demo)
18:05:19.961 [main] INFO  c.s.springbootdemo.SpringbootDemoApplicationTests [line:666] - The following profiles are active: test
18:05:24.441 [main] INFO  c.s.springbootdemo.SpringbootDemoApplicationTests [line:57] - Started SpringbootDemoApplicationTests in 5.571 seconds (JVM running for 6.991)
18:05:44.582 [main] INFO  com.sohu.springbootdemo.SpringbootDemoApplication [line:48] - Starting SpringbootDemoApplication on HAOCHEN214934 with PID 74860 (D:\sohu_project\Pnews\springboot-demo\target\classes started by haochen214934 in D:\sohu_project\Pnews\springboot-demo)
18:05:44.592 [main] INFO  com.sohu.springbootdemo.SpringbootDemoApplication [line:666] - The following profiles are active: test
18:05:46.140 [main] INFO  org.apache.catalina.core.StandardService [line:179] - Starting service [Tomcat]
18:05:46.142 [main] INFO  org.apache.catalina.core.StandardEngine [line:179] - Starting Servlet Engine: Apache Tomcat/8.5.15
18:05:46.218 [localhost-startStop-1] INFO  o.a.c.core.ContainerBase.[Tomcat].[localhost].[/] [line:179] - Initializing Spring embedded WebApplicationContext
18:05:46.365 [localhost-startStop-1] INFO  com.sohu.springbootdemo.Filter.UrlFilter [line:24] - ----------------------->过滤器被创建
18:05:47.358 [main] INFO  com.sohu.springbootdemo.SpringbootDemoApplication [line:57] - Started SpringbootDemoApplication in 3.621 seconds (JVM running for 5.278)
18:09:18.094 [main] INFO  com.sohu.springbootdemo.SpringbootDemoApplication [line:48] - Starting SpringbootDemoApplication on HAOCHEN214934 with PID 28544 (D:\sohu_project\Pnews\springboot-demo\target\classes started by haochen214934 in D:\sohu_project\Pnews\springboot-demo)
18:09:18.103 [main] INFO  com.sohu.springbootdemo.SpringbootDemoApplication [line:666] - The following profiles are active: test
18:09:20.029 [main] INFO  org.apache.catalina.core.StandardService [line:179] - Starting service [Tomcat]
18:09:20.030 [main] INFO  org.apache.catalina.core.StandardEngine [line:179] - Starting Servlet Engine: Apache Tomcat/8.5.15
18:09:20.138 [localhost-startStop-1] INFO  o.a.c.core.ContainerBase.[Tomcat].[localhost].[/] [line:179] - Initializing Spring embedded WebApplicationContext
18:09:20.327 [localhost-startStop-1] INFO  com.sohu.springbootdemo.Filter.UrlFilter [line:24] - ----------------------->过滤器被创建
18:09:22.022 [main] INFO  com.sohu.springbootdemo.SpringbootDemoApplication [line:57] - Started SpringbootDemoApplication in 4.788 seconds (JVM running for 6.191)
18:10:23.678 [http-nio-8888-exec-1] INFO  o.a.c.core.ContainerBase.[Tomcat].[localhost].[/] [line:179] - Initializing Spring FrameworkServlet 'dispatcherServlet'
18:10:47.730 [http-nio-8888-exec-2] INFO  com.alibaba.druid.pool.DruidDataSource [line:930] - {dataSource-1} inited
18:10:47.949 [http-nio-8888-exec-2] INFO  com.sohu.springbootdemo.controller.TestController [line:122] - {"msg":"访问成功","code":"C0000","costTm":322,"time":1564135847559,"items":[{"dateline":"2018-04-03 23:38:20","subject":"马庄桥东侧梁庙村拆迁","cityname":"河南","arename":"濮阳市","domainname":"城建","forumname":"清丰县委书记","id":500001,"subjectcontent":"书记您好！我是马庄桥东侧柳格乡梁庙村的，年前有开发商占用我们的土地，搞得老百姓人心惶惶，请问梁庙村在18年棚户改造计划之中吗？","answercontent":"您好：,留言收悉。针对您反映的问题，交办县住建局后，反馈如下：,柳格镇梁庙村目前暂未列入2018年项目谋划，有关棚户区改造问题，可联系县住建局征收办详询，联系电话0393-7266685。,工作人员已及时与您取得联系并反馈有关情况，希望您能够满意，欢迎您继续关注和支持我们的工作。","typename":"咨询","url":"http://liuyan.people.com.cn/threads/content?tid=5047595"}]}
18:10:50.917 [http-nio-8888-exec-9] INFO  com.sohu.springbootdemo.controller.TestController [line:122] - {"msg":"访问成功","code":"C0000","costTm":5,"time":1564135850912,"items":[{"dateline":"2013-06-09 10:14:27","subject":"关于驾校考驾照收费过高的问题。","cityname":"河南","arename":"新乡市","domainname":"其他","forumname":"新乡市委书记张国伟","id":500301,"subjectcontent":"领导您好，我是长垣县的。我反映我们县驾校考驾照费用的问题。我们县现在考张驾照（C1的）大概在4900元左右。现在周围县市都是才2000多块钱，郑州也才2000元左右。唯独我们这里将近5000元！价格怎么这么高呢？收费依据是什么？里面是不是有“猫腻”？希望领导调查一下，全县父老乡亲感激不尽~","answercontent":"网友：,您好！市委高度重视您在人民网给市委书记反映的问题，已责成长垣县委调查处理。现将具体情况向您反馈如下：,经调查，郑州市考驾照（C1证）的收费标准为5000元左右，新乡市辖区内各县（市）标准在4000元至4980元之间，长垣县驾驶员培训收费标准与周边市县基本相当。网民,反映的“郑州与周边县、市考取驾照收费2000元左右”与实际情况不符。,驾校反映驾驶员培训费不断提高的主要原因有：一是物,价上涨，主要是汽油价格、场地租金、员工工资等费用上涨较快。二是培训时间延长，按照公安车管部门及交通部门驾驶员培训考试流程规定：每辆车固定教练员1名，学员4名，练车必须达到55个学时计28天，教练和学员指纹刷卡计时，较原来的培训时间延长。三是车辆费用增加，根据国家有关政策要求，每辆教练车都加装了GPS定位仪，学员刷卡器。这些都导致培训成本大幅度上升，所以各个驾校都上调了驾驶员培训收费标准。,目前，驾驶员培训学校是企业化经营，属于市场行为，考试培训收费标准受市场需求以及培训成本等方面的影响，不在政府定价范围。另外，驾驶员培训所收各项费用均由驾校收取，交通运管部门不参与任何形式的经营行为。有关部门将会继续加大驾驶员培训市场的监管力度，要求各驾培学校将收费项目、金额上墙公示，并在各驾校派驻监督员，严格监管驾校的经营行为和培训质量，确保驾培市场健康有序发展。","typename":"咨询","url":"http://liuyan.people.com.cn/threads/content?tid=2075338"}]}
18:11:10.569 [http-nio-8888-exec-5] INFO  com.sohu.springbootdemo.controller.TestController [line:122] - {"msg":"访问成功","code":"C0000","costTm":3,"time":1564135870566,"items":[{"dateline":"2013-06-09 10:14:27","subject":"关于驾校考驾照收费过高的问题。","cityname":"河南","arename":"新乡市","domainname":"其他","forumname":"新乡市委书记张国伟","id":500301,"subjectcontent":"领导您好，我是长垣县的。我反映我们县驾校考驾照费用的问题。我们县现在考张驾照（C1的）大概在4900元左右。现在周围县市都是才2000多块钱，郑州也才2000元左右。唯独我们这里将近5000元！价格怎么这么高呢？收费依据是什么？里面是不是有“猫腻”？希望领导调查一下，全县父老乡亲感激不尽~","answercontent":"网友：,您好！市委高度重视您在人民网给市委书记反映的问题，已责成长垣县委调查处理。现将具体情况向您反馈如下：,经调查，郑州市考驾照（C1证）的收费标准为5000元左右，新乡市辖区内各县（市）标准在4000元至4980元之间，长垣县驾驶员培训收费标准与周边市县基本相当。网民,反映的“郑州与周边县、市考取驾照收费2000元左右”与实际情况不符。,驾校反映驾驶员培训费不断提高的主要原因有：一是物,价上涨，主要是汽油价格、场地租金、员工工资等费用上涨较快。二是培训时间延长，按照公安车管部门及交通部门驾驶员培训考试流程规定：每辆车固定教练员1名，学员4名，练车必须达到55个学时计28天，教练和学员指纹刷卡计时，较原来的培训时间延长。三是车辆费用增加，根据国家有关政策要求，每辆教练车都加装了GPS定位仪，学员刷卡器。这些都导致培训成本大幅度上升，所以各个驾校都上调了驾驶员培训收费标准。,目前，驾驶员培训学校是企业化经营，属于市场行为，考试培训收费标准受市场需求以及培训成本等方面的影响，不在政府定价范围。另外，驾驶员培训所收各项费用均由驾校收取，交通运管部门不参与任何形式的经营行为。有关部门将会继续加大驾驶员培训市场的监管力度，要求各驾培学校将收费项目、金额上墙公示，并在各驾校派驻监督员，严格监管驾校的经营行为和培训质量，确保驾培市场健康有序发展。","typename":"咨询","url":"http://liuyan.people.com.cn/threads/content?tid=2075338"}]}
18:11:11.293 [http-nio-8888-exec-8] INFO  com.sohu.springbootdemo.controller.TestController [line:122] - {"msg":"访问成功","code":"C0000","costTm":5,"time":1564135871288,"items":[{"dateline":"2013-06-09 10:14:27","subject":"关于驾校考驾照收费过高的问题。","cityname":"河南","arename":"新乡市","domainname":"其他","forumname":"新乡市委书记张国伟","id":500301,"subjectcontent":"领导您好，我是长垣县的。我反映我们县驾校考驾照费用的问题。我们县现在考张驾照（C1的）大概在4900元左右。现在周围县市都是才2000多块钱，郑州也才2000元左右。唯独我们这里将近5000元！价格怎么这么高呢？收费依据是什么？里面是不是有“猫腻”？希望领导调查一下，全县父老乡亲感激不尽~","answercontent":"网友：,您好！市委高度重视您在人民网给市委书记反映的问题，已责成长垣县委调查处理。现将具体情况向您反馈如下：,经调查，郑州市考驾照（C1证）的收费标准为5000元左右，新乡市辖区内各县（市）标准在4000元至4980元之间，长垣县驾驶员培训收费标准与周边市县基本相当。网民,反映的“郑州与周边县、市考取驾照收费2000元左右”与实际情况不符。,驾校反映驾驶员培训费不断提高的主要原因有：一是物,价上涨，主要是汽油价格、场地租金、员工工资等费用上涨较快。二是培训时间延长，按照公安车管部门及交通部门驾驶员培训考试流程规定：每辆车固定教练员1名，学员4名，练车必须达到55个学时计28天，教练和学员指纹刷卡计时，较原来的培训时间延长。三是车辆费用增加，根据国家有关政策要求，每辆教练车都加装了GPS定位仪，学员刷卡器。这些都导致培训成本大幅度上升，所以各个驾校都上调了驾驶员培训收费标准。,目前，驾驶员培训学校是企业化经营，属于市场行为，考试培训收费标准受市场需求以及培训成本等方面的影响，不在政府定价范围。另外，驾驶员培训所收各项费用均由驾校收取，交通运管部门不参与任何形式的经营行为。有关部门将会继续加大驾驶员培训市场的监管力度，要求各驾培学校将收费项目、金额上墙公示，并在各驾校派驻监督员，严格监管驾校的经营行为和培训质量，确保驾培市场健康有序发展。","typename":"咨询","url":"http://liuyan.people.com.cn/threads/content?tid=2075338"}]}
18:13:13.644 [http-nio-8888-exec-3] INFO  com.sohu.springbootdemo.controller.TestController [line:58] - hello world!
18:13:21.276 [http-nio-8888-exec-2] INFO  com.sohu.springbootdemo.controller.TestController [line:86] - {"msg":"访问成功","code":"C0000","costTm":0,"time":1564136001276,"items":[{"url":"123@qq.com&cc=123"}]}
18:18:59.668 [http-nio-8888-exec-7] INFO  com.sohu.springbootdemo.controller.TestController [line:86] - {"msg":"访问成功","code":"C0000","costTm":0,"time":1564136339668,"items":[{"url":"123@qq.com&cc=123"}]}
18:19:00.406 [http-nio-8888-exec-5] INFO  com.sohu.springbootdemo.controller.TestController [line:86] - {"msg":"访问成功","code":"C0000","costTm":0,"time":1564136340406,"items":[{"url":"123@qq.com&cc=123"}]}
18:19:00.928 [http-nio-8888-exec-3] INFO  com.sohu.springbootdemo.controller.TestController [line:86] - {"msg":"访问成功","code":"C0000","costTm":0,"time":1564136340928,"items":[{"url":"123@qq.com&cc=123"}]}
18:19:13.787 [http-nio-8888-exec-1] INFO  com.sohu.springbootdemo.controller.TestController [line:122] - {"msg":"访问成功","code":"C0000","costTm":9,"time":1564136353778,"items":[{"dateline":"2018-04-03 23:38:20","subject":"马庄桥东侧梁庙村拆迁","cityname":"河南","arename":"濮阳市","domainname":"城建","forumname":"清丰县委书记","id":500001,"subjectcontent":"书记您好！我是马庄桥东侧柳格乡梁庙村的，年前有开发商占用我们的土地，搞得老百姓人心惶惶，请问梁庙村在18年棚户改造计划之中吗？","answercontent":"您好：,留言收悉。针对您反映的问题，交办县住建局后，反馈如下：,柳格镇梁庙村目前暂未列入2018年项目谋划，有关棚户区改造问题，可联系县住建局征收办详询，联系电话0393-7266685。,工作人员已及时与您取得联系并反馈有关情况，希望您能够满意，欢迎您继续关注和支持我们的工作。","typename":"咨询","url":"http://liuyan.people.com.cn/threads/content?tid=5047595"}]}
18:19:15.783 [http-nio-8888-exec-8] INFO  com.sohu.springbootdemo.controller.TestController [line:122] - {"msg":"访问成功","code":"C0000","costTm":2,"time":1564136355780,"items":[{"dateline":"2018-04-03 23:38:20","subject":"马庄桥东侧梁庙村拆迁","cityname":"河南","arename":"濮阳市","domainname":"城建","forumname":"清丰县委书记","id":500001,"subjectcontent":"书记您好！我是马庄桥东侧柳格乡梁庙村的，年前有开发商占用我们的土地，搞得老百姓人心惶惶，请问梁庙村在18年棚户改造计划之中吗？","answercontent":"您好：,留言收悉。针对您反映的问题，交办县住建局后，反馈如下：,柳格镇梁庙村目前暂未列入2018年项目谋划，有关棚户区改造问题，可联系县住建局征收办详询，联系电话0393-7266685。,工作人员已及时与您取得联系并反馈有关情况，希望您能够满意，欢迎您继续关注和支持我们的工作。","typename":"咨询","url":"http://liuyan.people.com.cn/threads/content?tid=5047595"}]}
18:19:16.036 [http-nio-8888-exec-10] INFO  com.sohu.springbootdemo.controller.TestController [line:122] - {"msg":"访问成功","code":"C0000","costTm":3,"time":1564136356034,"items":[{"dateline":"2018-04-03 23:38:20","subject":"马庄桥东侧梁庙村拆迁","cityname":"河南","arename":"濮阳市","domainname":"城建","forumname":"清丰县委书记","id":500001,"subjectcontent":"书记您好！我是马庄桥东侧柳格乡梁庙村的，年前有开发商占用我们的土地，搞得老百姓人心惶惶，请问梁庙村在18年棚户改造计划之中吗？","answercontent":"您好：,留言收悉。针对您反映的问题，交办县住建局后，反馈如下：,柳格镇梁庙村目前暂未列入2018年项目谋划，有关棚户区改造问题，可联系县住建局征收办详询，联系电话0393-7266685。,工作人员已及时与您取得联系并反馈有关情况，希望您能够满意，欢迎您继续关注和支持我们的工作。","typename":"咨询","url":"http://liuyan.people.com.cn/threads/content?tid=5047595"}]}
18:19:16.221 [http-nio-8888-exec-9] INFO  com.sohu.springbootdemo.controller.TestController [line:122] - {"msg":"访问成功","code":"C0000","costTm":2,"time":1564136356218,"items":[{"dateline":"2018-04-03 23:38:20","subject":"马庄桥东侧梁庙村拆迁","cityname":"河南","arename":"濮阳市","domainname":"城建","forumname":"清丰县委书记","id":500001,"subjectcontent":"书记您好！我是马庄桥东侧柳格乡梁庙村的，年前有开发商占用我们的土地，搞得老百姓人心惶惶，请问梁庙村在18年棚户改造计划之中吗？","answercontent":"您好：,留言收悉。针对您反映的问题，交办县住建局后，反馈如下：,柳格镇梁庙村目前暂未列入2018年项目谋划，有关棚户区改造问题，可联系县住建局征收办详询，联系电话0393-7266685。,工作人员已及时与您取得联系并反馈有关情况，希望您能够满意，欢迎您继续关注和支持我们的工作。","typename":"咨询","url":"http://liuyan.people.com.cn/threads/content?tid=5047595"}]}
18:19:16.417 [http-nio-8888-exec-7] INFO  com.sohu.springbootdemo.controller.TestController [line:122] - {"msg":"访问成功","code":"C0000","costTm":2,"time":1564136356414,"items":[{"dateline":"2018-04-03 23:38:20","subject":"马庄桥东侧梁庙村拆迁","cityname":"河南","arename":"濮阳市","domainname":"城建","forumname":"清丰县委书记","id":500001,"subjectcontent":"书记您好！我是马庄桥东侧柳格乡梁庙村的，年前有开发商占用我们的土地，搞得老百姓人心惶惶，请问梁庙村在18年棚户改造计划之中吗？","answercontent":"您好：,留言收悉。针对您反映的问题，交办县住建局后，反馈如下：,柳格镇梁庙村目前暂未列入2018年项目谋划，有关棚户区改造问题，可联系县住建局征收办详询，联系电话0393-7266685。,工作人员已及时与您取得联系并反馈有关情况，希望您能够满意，欢迎您继续关注和支持我们的工作。","typename":"咨询","url":"http://liuyan.people.com.cn/threads/content?tid=5047595"}]}
18:19:16.590 [http-nio-8888-exec-5] INFO  com.sohu.springbootdemo.controller.TestController [line:122] - {"msg":"访问成功","code":"C0000","costTm":3,"time":1564136356587,"items":[{"dateline":"2018-04-03 23:38:20","subject":"马庄桥东侧梁庙村拆迁","cityname":"河南","arename":"濮阳市","domainname":"城建","forumname":"清丰县委书记","id":500001,"subjectcontent":"书记您好！我是马庄桥东侧柳格乡梁庙村的，年前有开发商占用我们的土地，搞得老百姓人心惶惶，请问梁庙村在18年棚户改造计划之中吗？","answercontent":"您好：,留言收悉。针对您反映的问题，交办县住建局后，反馈如下：,柳格镇梁庙村目前暂未列入2018年项目谋划，有关棚户区改造问题，可联系县住建局征收办详询，联系电话0393-7266685。,工作人员已及时与您取得联系并反馈有关情况，希望您能够满意，欢迎您继续关注和支持我们的工作。","typename":"咨询","url":"http://liuyan.people.com.cn/threads/content?tid=5047595"}]}
18:19:16.769 [http-nio-8888-exec-3] INFO  com.sohu.springbootdemo.controller.TestController [line:122] - {"msg":"访问成功","code":"C0000","costTm":3,"time":1564136356765,"items":[{"dateline":"2018-04-03 23:38:20","subject":"马庄桥东侧梁庙村拆迁","cityname":"河南","arename":"濮阳市","domainname":"城建","forumname":"清丰县委书记","id":500001,"subjectcontent":"书记您好！我是马庄桥东侧柳格乡梁庙村的，年前有开发商占用我们的土地，搞得老百姓人心惶惶，请问梁庙村在18年棚户改造计划之中吗？","answercontent":"您好：,留言收悉。针对您反映的问题，交办县住建局后，反馈如下：,柳格镇梁庙村目前暂未列入2018年项目谋划，有关棚户区改造问题，可联系县住建局征收办详询，联系电话0393-7266685。,工作人员已及时与您取得联系并反馈有关情况，希望您能够满意，欢迎您继续关注和支持我们的工作。","typename":"咨询","url":"http://liuyan.people.com.cn/threads/content?tid=5047595"}]}
18:19:16.954 [http-nio-8888-exec-4] INFO  com.sohu.springbootdemo.controller.TestController [line:122] - {"msg":"访问成功","code":"C0000","costTm":2,"time":1564136356951,"items":[{"dateline":"2018-04-03 23:38:20","subject":"马庄桥东侧梁庙村拆迁","cityname":"河南","arename":"濮阳市","domainname":"城建","forumname":"清丰县委书记","id":500001,"subjectcontent":"书记您好！我是马庄桥东侧柳格乡梁庙村的，年前有开发商占用我们的土地，搞得老百姓人心惶惶，请问梁庙村在18年棚户改造计划之中吗？","answercontent":"您好：,留言收悉。针对您反映的问题，交办县住建局后，反馈如下：,柳格镇梁庙村目前暂未列入2018年项目谋划，有关棚户区改造问题，可联系县住建局征收办详询，联系电话0393-7266685。,工作人员已及时与您取得联系并反馈有关情况，希望您能够满意，欢迎您继续关注和支持我们的工作。","typename":"咨询","url":"http://liuyan.people.com.cn/threads/content?tid=5047595"}]}
18:19:17.321 [http-nio-8888-exec-2] INFO  com.sohu.springbootdemo.controller.TestController [line:122] - {"msg":"访问成功","code":"C0000","costTm":4,"time":1564136357316,"items":[{"dateline":"2018-04-03 23:38:20","subject":"马庄桥东侧梁庙村拆迁","cityname":"河南","arename":"濮阳市","domainname":"城建","forumname":"清丰县委书记","id":500001,"subjectcontent":"书记您好！我是马庄桥东侧柳格乡梁庙村的，年前有开发商占用我们的土地，搞得老百姓人心惶惶，请问梁庙村在18年棚户改造计划之中吗？","answercontent":"您好：,留言收悉。针对您反映的问题，交办县住建局后，反馈如下：,柳格镇梁庙村目前暂未列入2018年项目谋划，有关棚户区改造问题，可联系县住建局征收办详询，联系电话0393-7266685。,工作人员已及时与您取得联系并反馈有关情况，希望您能够满意，欢迎您继续关注和支持我们的工作。","typename":"咨询","url":"http://liuyan.people.com.cn/threads/content?tid=5047595"}]}
18:19:17.599 [http-nio-8888-exec-6] INFO  com.sohu.springbootdemo.controller.TestController [line:122] - {"msg":"访问成功","code":"C0000","costTm":3,"time":1564136357596,"items":[{"dateline":"2018-04-03 23:38:20","subject":"马庄桥东侧梁庙村拆迁","cityname":"河南","arename":"濮阳市","domainname":"城建","forumname":"清丰县委书记","id":500001,"subjectcontent":"书记您好！我是马庄桥东侧柳格乡梁庙村的，年前有开发商占用我们的土地，搞得老百姓人心惶惶，请问梁庙村在18年棚户改造计划之中吗？","answercontent":"您好：,留言收悉。针对您反映的问题，交办县住建局后，反馈如下：,柳格镇梁庙村目前暂未列入2018年项目谋划，有关棚户区改造问题，可联系县住建局征收办详询，联系电话0393-7266685。,工作人员已及时与您取得联系并反馈有关情况，希望您能够满意，欢迎您继续关注和支持我们的工作。","typename":"咨询","url":"http://liuyan.people.com.cn/threads/content?tid=5047595"}]}
18:19:17.783 [http-nio-8888-exec-1] INFO  com.sohu.springbootdemo.controller.TestController [line:122] - {"msg":"访问成功","code":"C0000","costTm":2,"time":1564136357780,"items":[{"dateline":"2018-04-03 23:38:20","subject":"马庄桥东侧梁庙村拆迁","cityname":"河南","arename":"濮阳市","domainname":"城建","forumname":"清丰县委书记","id":500001,"subjectcontent":"书记您好！我是马庄桥东侧柳格乡梁庙村的，年前有开发商占用我们的土地，搞得老百姓人心惶惶，请问梁庙村在18年棚户改造计划之中吗？","answercontent":"您好：,留言收悉。针对您反映的问题，交办县住建局后，反馈如下：,柳格镇梁庙村目前暂未列入2018年项目谋划，有关棚户区改造问题，可联系县住建局征收办详询，联系电话0393-7266685。,工作人员已及时与您取得联系并反馈有关情况，希望您能够满意，欢迎您继续关注和支持我们的工作。","typename":"咨询","url":"http://liuyan.people.com.cn/threads/content?tid=5047595"}]}
18:19:17.961 [http-nio-8888-exec-10] INFO  com.sohu.springbootdemo.controller.TestController [line:122] - {"msg":"访问成功","code":"C0000","costTm":7,"time":1564136357952,"items":[{"dateline":"2018-04-03 23:38:20","subject":"马庄桥东侧梁庙村拆迁","cityname":"河南","arename":"濮阳市","domainname":"城建","forumname":"清丰县委书记","id":500001,"subjectcontent":"书记您好！我是马庄桥东侧柳格乡梁庙村的，年前有开发商占用我们的土地，搞得老百姓人心惶惶，请问梁庙村在18年棚户改造计划之中吗？","answercontent":"您好：,留言收悉。针对您反映的问题，交办县住建局后，反馈如下：,柳格镇梁庙村目前暂未列入2018年项目谋划，有关棚户区改造问题，可联系县住建局征收办详询，联系电话0393-7266685。,工作人员已及时与您取得联系并反馈有关情况，希望您能够满意，欢迎您继续关注和支持我们的工作。","typename":"咨询","url":"http://liuyan.people.com.cn/threads/content?tid=5047595"}]}
18:19:18.107 [http-nio-8888-exec-9] INFO  com.sohu.springbootdemo.controller.TestController [line:122] - {"msg":"访问成功","code":"C0000","costTm":3,"time":1564136358103,"items":[{"dateline":"2018-04-03 23:38:20","subject":"马庄桥东侧梁庙村拆迁","cityname":"河南","arename":"濮阳市","domainname":"城建","forumname":"清丰县委书记","id":500001,"subjectcontent":"书记您好！我是马庄桥东侧柳格乡梁庙村的，年前有开发商占用我们的土地，搞得老百姓人心惶惶，请问梁庙村在18年棚户改造计划之中吗？","answercontent":"您好：,留言收悉。针对您反映的问题，交办县住建局后，反馈如下：,柳格镇梁庙村目前暂未列入2018年项目谋划，有关棚户区改造问题，可联系县住建局征收办详询，联系电话0393-7266685。,工作人员已及时与您取得联系并反馈有关情况，希望您能够满意，欢迎您继续关注和支持我们的工作。","typename":"咨询","url":"http://liuyan.people.com.cn/threads/content?tid=5047595"}]}
18:19:18.261 [http-nio-8888-exec-7] INFO  com.sohu.springbootdemo.controller.TestController [line:122] - {"msg":"访问成功","code":"C0000","costTm":2,"time":1564136358258,"items":[{"dateline":"2018-04-03 23:38:20","subject":"马庄桥东侧梁庙村拆迁","cityname":"河南","arename":"濮阳市","domainname":"城建","forumname":"清丰县委书记","id":500001,"subjectcontent":"书记您好！我是马庄桥东侧柳格乡梁庙村的，年前有开发商占用我们的土地，搞得老百姓人心惶惶，请问梁庙村在18年棚户改造计划之中吗？","answercontent":"您好：,留言收悉。针对您反映的问题，交办县住建局后，反馈如下：,柳格镇梁庙村目前暂未列入2018年项目谋划，有关棚户区改造问题，可联系县住建局征收办详询，联系电话0393-7266685。,工作人员已及时与您取得联系并反馈有关情况，希望您能够满意，欢迎您继续关注和支持我们的工作。","typename":"咨询","url":"http://liuyan.people.com.cn/threads/content?tid=5047595"}]}
18:19:18.559 [http-nio-8888-exec-5] INFO  com.sohu.springbootdemo.controller.TestController [line:122] - {"msg":"访问成功","code":"C0000","costTm":2,"time":1564136358557,"items":[{"dateline":"2018-04-03 23:38:20","subject":"马庄桥东侧梁庙村拆迁","cityname":"河南","arename":"濮阳市","domainname":"城建","forumname":"清丰县委书记","id":500001,"subjectcontent":"书记您好！我是马庄桥东侧柳格乡梁庙村的，年前有开发商占用我们的土地，搞得老百姓人心惶惶，请问梁庙村在18年棚户改造计划之中吗？","answercontent":"您好：,留言收悉。针对您反映的问题，交办县住建局后，反馈如下：,柳格镇梁庙村目前暂未列入2018年项目谋划，有关棚户区改造问题，可联系县住建局征收办详询，联系电话0393-7266685。,工作人员已及时与您取得联系并反馈有关情况，希望您能够满意，欢迎您继续关注和支持我们的工作。","typename":"咨询","url":"http://liuyan.people.com.cn/threads/content?tid=5047595"}]}
18:38:31.423 [main] INFO  com.sohu.springbootdemo.SpringbootDemoApplication [line:50] - Starting SpringbootDemoApplication on HAOCHEN214934 with PID 64036 (D:\sohu_project\Pnews\springboot-demo\target\classes started by haochen214934 in D:\sohu_project\Pnews\springboot-demo)
18:38:31.428 [main] INFO  com.sohu.springbootdemo.SpringbootDemoApplication [line:679] - The following profiles are active: test
18:38:33.467 [main] INFO  org.apache.catalina.core.StandardService [line:173] - Starting service [Tomcat]
18:38:33.468 [main] INFO  org.apache.catalina.core.StandardEngine [line:173] - Starting Servlet engine: [Apache Tomcat/9.0.14]
18:38:33.475 [main] INFO  org.apache.catalina.core.AprLifecycleListener [line:173] - The APR based Apache Tomcat Native library which allows optimal performance in production environments was not found on the java.library.path: [D:\java\jdk1.8.0_171\bin;C:\WINDOWS\Sun\Java\bin;C:\WINDOWS\system32;C:\WINDOWS;C:\Program Files (x86)\Common Files\Oracle\Java\javapath;C:\WINDOWS\system32;C:\WINDOWS;C:\WINDOWS\System32\Wbem;C:\WINDOWS\System32\WindowsPowerShell\v1.0\;D:\OpenSSH\bin;D:\Git\cmd;D:\java\jdk1.8.0_171;C:\Program Files\MySQL\MySQL Server 8.0\bin;C:\Program Files (x86)\MySQL\MySQL Utilities 1.6\;D:\Redis;D:\zookeeper\zookeeper-3.4.14\bin;D:\Thrift;D:\nodejs\;D:\java_project\apache-maven-3.5.2\bin;C:\Users\haochen214934\AppData\Local\Programs\Python\Python37-32\Scripts\;C:\Users\haochen214934\AppData\Local\Programs\Python\Python37-32\;C:\Users\haochen214934\AppData\Local\Microsoft\WindowsApps;C:\Users\haochen214934\AppData\Local\BypassRuntm;C:\Users\haochen214934\AppData\Roaming\npm;.]
18:38:33.598 [main] INFO  o.a.c.core.ContainerBase.[Tomcat].[localhost].[/] [line:173] - Initializing Spring embedded WebApplicationContext
18:38:33.660 [main] INFO  com.sohu.springbootdemo.Filter.UrlFilter [line:24] - ----------------------->过滤器被创建
18:38:33.875 [main] INFO  org.apache.catalina.core.StandardService [line:173] - Stopping service [Tomcat]
18:38:33.878 [main] INFO  com.sohu.springbootdemo.Filter.UrlFilter [line:41] - ----------------------->过滤器被销毁
18:39:12.950 [main] INFO  com.sohu.springbootdemo.SpringbootDemoApplication [line:50] - Starting SpringbootDemoApplication on HAOCHEN214934 with PID 21352 (D:\sohu_project\Pnews\springboot-demo\target\classes started by haochen214934 in D:\sohu_project\Pnews\springboot-demo)
18:39:12.955 [main] INFO  com.sohu.springbootdemo.SpringbootDemoApplication [line:679] - The following profiles are active: test
18:39:14.678 [main] INFO  org.apache.catalina.core.StandardService [line:173] - Starting service [Tomcat]
18:39:14.679 [main] INFO  org.apache.catalina.core.StandardEngine [line:173] - Starting Servlet engine: [Apache Tomcat/9.0.14]
18:39:14.685 [main] INFO  org.apache.catalina.core.AprLifecycleListener [line:173] - The APR based Apache Tomcat Native library which allows optimal performance in production environments was not found on the java.library.path: [D:\java\jdk1.8.0_171\bin;C:\WINDOWS\Sun\Java\bin;C:\WINDOWS\system32;C:\WINDOWS;C:\Program Files (x86)\Common Files\Oracle\Java\javapath;C:\WINDOWS\system32;C:\WINDOWS;C:\WINDOWS\System32\Wbem;C:\WINDOWS\System32\WindowsPowerShell\v1.0\;D:\OpenSSH\bin;D:\Git\cmd;D:\java\jdk1.8.0_171;C:\Program Files\MySQL\MySQL Server 8.0\bin;C:\Program Files (x86)\MySQL\MySQL Utilities 1.6\;D:\Redis;D:\zookeeper\zookeeper-3.4.14\bin;D:\Thrift;D:\nodejs\;D:\java_project\apache-maven-3.5.2\bin;C:\Users\haochen214934\AppData\Local\Programs\Python\Python37-32\Scripts\;C:\Users\haochen214934\AppData\Local\Programs\Python\Python37-32\;C:\Users\haochen214934\AppData\Local\Microsoft\WindowsApps;C:\Users\haochen214934\AppData\Local\BypassRuntm;C:\Users\haochen214934\AppData\Roaming\npm;.]
18:39:14.775 [main] INFO  o.a.c.core.ContainerBase.[Tomcat].[localhost].[/] [line:173] - Initializing Spring embedded WebApplicationContext
18:39:14.839 [main] INFO  com.sohu.springbootdemo.Filter.UrlFilter [line:24] - ----------------------->过滤器被创建
18:39:15.609 [main] INFO  com.sohu.springbootdemo.SpringbootDemoApplication [line:59] - Started SpringbootDemoApplication in 3.528 seconds (JVM running for 4.632)
18:40:00.335 [http-nio-8888-exec-1] INFO  o.a.c.core.ContainerBase.[Tomcat].[localhost].[/] [line:173] - Initializing Spring DispatcherServlet 'dispatcherServlet'
18:40:06.698 [http-nio-8888-exec-9] INFO  com.alibaba.druid.pool.DruidDataSource [line:930] - {dataSource-1} inited
18:40:06.910 [http-nio-8888-exec-9] INFO  com.sohu.springbootdemo.controller.TestController [line:122] - {"msg":"访问成功","code":"C0000","costTm":222,"time":1564137606548,"items":[{"dateline":"2018-04-03 23:38:20","subject":"马庄桥东侧梁庙村拆迁","cityname":"河南","arename":"濮阳市","domainname":"城建","forumname":"清丰县委书记","id":500001,"subjectcontent":"书记您好！我是马庄桥东侧柳格乡梁庙村的，年前有开发商占用我们的土地，搞得老百姓人心惶惶，请问梁庙村在18年棚户改造计划之中吗？","answercontent":"您好：,留言收悉。针对您反映的问题，交办县住建局后，反馈如下：,柳格镇梁庙村目前暂未列入2018年项目谋划，有关棚户区改造问题，可联系县住建局征收办详询，联系电话0393-7266685。,工作人员已及时与您取得联系并反馈有关情况，希望您能够满意，欢迎您继续关注和支持我们的工作。","typename":"咨询","url":"http://liuyan.people.com.cn/threads/content?tid=5047595"}]}
18:40:08.209 [http-nio-8888-exec-4] INFO  com.sohu.springbootdemo.controller.TestController [line:122] - {"msg":"访问成功","code":"C0000","costTm":3,"time":1564137608206,"items":[{"dateline":"2018-04-03 23:38:20","subject":"马庄桥东侧梁庙村拆迁","cityname":"河南","arename":"濮阳市","domainname":"城建","forumname":"清丰县委书记","id":500001,"subjectcontent":"书记您好！我是马庄桥东侧柳格乡梁庙村的，年前有开发商占用我们的土地，搞得老百姓人心惶惶，请问梁庙村在18年棚户改造计划之中吗？","answercontent":"您好：,留言收悉。针对您反映的问题，交办县住建局后，反馈如下：,柳格镇梁庙村目前暂未列入2018年项目谋划，有关棚户区改造问题，可联系县住建局征收办详询，联系电话0393-7266685。,工作人员已及时与您取得联系并反馈有关情况，希望您能够满意，欢迎您继续关注和支持我们的工作。","typename":"咨询","url":"http://liuyan.people.com.cn/threads/content?tid=5047595"}]}
18:40:08.458 [http-nio-8888-exec-8] INFO  com.sohu.springbootdemo.controller.TestController [line:122] - {"msg":"访问成功","code":"C0000","costTm":2,"time":1564137608456,"items":[{"dateline":"2018-04-03 23:38:20","subject":"马庄桥东侧梁庙村拆迁","cityname":"河南","arename":"濮阳市","domainname":"城建","forumname":"清丰县委书记","id":500001,"subjectcontent":"书记您好！我是马庄桥东侧柳格乡梁庙村的，年前有开发商占用我们的土地，搞得老百姓人心惶惶，请问梁庙村在18年棚户改造计划之中吗？","answercontent":"您好：,留言收悉。针对您反映的问题，交办县住建局后，反馈如下：,柳格镇梁庙村目前暂未列入2018年项目谋划，有关棚户区改造问题，可联系县住建局征收办详询，联系电话0393-7266685。,工作人员已及时与您取得联系并反馈有关情况，希望您能够满意，欢迎您继续关注和支持我们的工作。","typename":"咨询","url":"http://liuyan.people.com.cn/threads/content?tid=5047595"}]}
18:40:08.691 [http-nio-8888-exec-3] INFO  com.sohu.springbootdemo.controller.TestController [line:122] - {"msg":"访问成功","code":"C0000","costTm":2,"time":1564137608689,"items":[{"dateline":"2018-04-03 23:38:20","subject":"马庄桥东侧梁庙村拆迁","cityname":"河南","arename":"濮阳市","domainname":"城建","forumname":"清丰县委书记","id":500001,"subjectcontent":"书记您好！我是马庄桥东侧柳格乡梁庙村的，年前有开发商占用我们的土地，搞得老百姓人心惶惶，请问梁庙村在18年棚户改造计划之中吗？","answercontent":"您好：,留言收悉。针对您反映的问题，交办县住建局后，反馈如下：,柳格镇梁庙村目前暂未列入2018年项目谋划，有关棚户区改造问题，可联系县住建局征收办详询，联系电话0393-7266685。,工作人员已及时与您取得联系并反馈有关情况，希望您能够满意，欢迎您继续关注和支持我们的工作。","typename":"咨询","url":"http://liuyan.people.com.cn/threads/content?tid=5047595"}]}
18:40:08.909 [http-nio-8888-exec-2] INFO  com.sohu.springbootdemo.controller.TestController [line:122] - {"msg":"访问成功","code":"C0000","costTm":2,"time":1564137608907,"items":[{"dateline":"2018-04-03 23:38:20","subject":"马庄桥东侧梁庙村拆迁","cityname":"河南","arename":"濮阳市","domainname":"城建","forumname":"清丰县委书记","id":500001,"subjectcontent":"书记您好！我是马庄桥东侧柳格乡梁庙村的，年前有开发商占用我们的土地，搞得老百姓人心惶惶，请问梁庙村在18年棚户改造计划之中吗？","answercontent":"您好：,留言收悉。针对您反映的问题，交办县住建局后，反馈如下：,柳格镇梁庙村目前暂未列入2018年项目谋划，有关棚户区改造问题，可联系县住建局征收办详询，联系电话0393-7266685。,工作人员已及时与您取得联系并反馈有关情况，希望您能够满意，欢迎您继续关注和支持我们的工作。","typename":"咨询","url":"http://liuyan.people.com.cn/threads/content?tid=5047595"}]}
18:40:09.075 [http-nio-8888-exec-5] INFO  com.sohu.springbootdemo.controller.TestController [line:122] - {"msg":"访问成功","code":"C0000","costTm":2,"time":1564137609073,"items":[{"dateline":"2018-04-03 23:38:20","subject":"马庄桥东侧梁庙村拆迁","cityname":"河南","arename":"濮阳市","domainname":"城建","forumname":"清丰县委书记","id":500001,"subjectcontent":"书记您好！我是马庄桥东侧柳格乡梁庙村的，年前有开发商占用我们的土地，搞得老百姓人心惶惶，请问梁庙村在18年棚户改造计划之中吗？","answercontent":"您好：,留言收悉。针对您反映的问题，交办县住建局后，反馈如下：,柳格镇梁庙村目前暂未列入2018年项目谋划，有关棚户区改造问题，可联系县住建局征收办详询，联系电话0393-7266685。,工作人员已及时与您取得联系并反馈有关情况，希望您能够满意，欢迎您继续关注和支持我们的工作。","typename":"咨询","url":"http://liuyan.people.com.cn/threads/content?tid=5047595"}]}
18:40:09.274 [http-nio-8888-exec-6] INFO  com.sohu.springbootdemo.controller.TestController [line:122] - {"msg":"访问成功","code":"C0000","costTm":2,"time":1564137609272,"items":[{"dateline":"2018-04-03 23:38:20","subject":"马庄桥东侧梁庙村拆迁","cityname":"河南","arename":"濮阳市","domainname":"城建","forumname":"清丰县委书记","id":500001,"subjectcontent":"书记您好！我是马庄桥东侧柳格乡梁庙村的，年前有开发商占用我们的土地，搞得老百姓人心惶惶，请问梁庙村在18年棚户改造计划之中吗？","answercontent":"您好：,留言收悉。针对您反映的问题，交办县住建局后，反馈如下：,柳格镇梁庙村目前暂未列入2018年项目谋划，有关棚户区改造问题，可联系县住建局征收办详询，联系电话0393-7266685。,工作人员已及时与您取得联系并反馈有关情况，希望您能够满意，欢迎您继续关注和支持我们的工作。","typename":"咨询","url":"http://liuyan.people.com.cn/threads/content?tid=5047595"}]}
18:40:09.475 [http-nio-8888-exec-10] INFO  com.sohu.springbootdemo.controller.TestController [line:122] - {"msg":"访问成功","code":"C0000","costTm":3,"time":1564137609472,"items":[{"dateline":"2018-04-03 23:38:20","subject":"马庄桥东侧梁庙村拆迁","cityname":"河南","arename":"濮阳市","domainname":"城建","forumname":"清丰县委书记","id":500001,"subjectcontent":"书记您好！我是马庄桥东侧柳格乡梁庙村的，年前有开发商占用我们的土地，搞得老百姓人心惶惶，请问梁庙村在18年棚户改造计划之中吗？","answercontent":"您好：,留言收悉。针对您反映的问题，交办县住建局后，反馈如下：,柳格镇梁庙村目前暂未列入2018年项目谋划，有关棚户区改造问题，可联系县住建局征收办详询，联系电话0393-7266685。,工作人员已及时与您取得联系并反馈有关情况，希望您能够满意，欢迎您继续关注和支持我们的工作。","typename":"咨询","url":"http://liuyan.people.com.cn/threads/content?tid=5047595"}]}
18:40:09.818 [http-nio-8888-exec-1] INFO  com.sohu.springbootdemo.controller.TestController [line:122] - {"msg":"访问成功","code":"C0000","costTm":2,"time":1564137609815,"items":[{"dateline":"2018-04-03 23:38:20","subject":"马庄桥东侧梁庙村拆迁","cityname":"河南","arename":"濮阳市","domainname":"城建","forumname":"清丰县委书记","id":500001,"subjectcontent":"书记您好！我是马庄桥东侧柳格乡梁庙村的，年前有开发商占用我们的土地，搞得老百姓人心惶惶，请问梁庙村在18年棚户改造计划之中吗？","answercontent":"您好：,留言收悉。针对您反映的问题，交办县住建局后，反馈如下：,柳格镇梁庙村目前暂未列入2018年项目谋划，有关棚户区改造问题，可联系县住建局征收办详询，联系电话0393-7266685。,工作人员已及时与您取得联系并反馈有关情况，希望您能够满意，欢迎您继续关注和支持我们的工作。","typename":"咨询","url":"http://liuyan.people.com.cn/threads/content?tid=5047595"}]}
18:40:10.027 [http-nio-8888-exec-9] INFO  com.sohu.springbootdemo.controller.TestController [line:122] - {"msg":"访问成功","code":"C0000","costTm":2,"time":1564137610024,"items":[{"dateline":"2018-04-03 23:38:20","subject":"马庄桥东侧梁庙村拆迁","cityname":"河南","arename":"濮阳市","domainname":"城建","forumname":"清丰县委书记","id":500001,"subjectcontent":"书记您好！我是马庄桥东侧柳格乡梁庙村的，年前有开发商占用我们的土地，搞得老百姓人心惶惶，请问梁庙村在18年棚户改造计划之中吗？","answercontent":"您好：,留言收悉。针对您反映的问题，交办县住建局后，反馈如下：,柳格镇梁庙村目前暂未列入2018年项目谋划，有关棚户区改造问题，可联系县住建局征收办详询，联系电话0393-7266685。,工作人员已及时与您取得联系并反馈有关情况，希望您能够满意，欢迎您继续关注和支持我们的工作。","typename":"咨询","url":"http://liuyan.people.com.cn/threads/content?tid=5047595"}]}
18:40:46.715 [http-nio-8888-exec-10] INFO  com.sohu.springbootdemo.controller.TestController [line:122] - {"msg":"访问成功","code":"C0000","costTm":3,"time":1564137646711,"items":[{"dateline":"2014-11-11 10:23:00","subject":"城关镇电价不合理","cityname":"河南","arename":"濮阳市","domainname":"三农","forumname":"清丰县委书记","id":500201,"subjectcontent":"尊敬的卢书记您好：居民用电收费太不合理了，请您在百忙之中安排过问一下，电业局阶梯电价是按每户一表收取的，但是每户的人数是不一样的，一家有五口人的，有两口人的，用电肯定是不一样的，基本电价是0.56元，超出规定额的每度加0.30元。这样收费偏离了国家的惠民政策，应该按每户每人来计算基础额度，这个事情很容易做到，希望卢书记抓一抓这些不合理的问题，拜托了。","answercontent":"","typename":"投诉","url":"http://liuyan.people.com.cn/threads/content?tid=2749994"}]}
18:40:49.096 [http-nio-8888-exec-4] INFO  com.sohu.springbootdemo.controller.TestController [line:122] - {"msg":"访问成功","code":"C0000","costTm":4,"time":1564137649092,"items":[{"dateline":"2017-04-28 23:52:34","subject":"缺少资金寻求扶持。","cityname":"河南","arename":"漯河市","domainname":"企业","forumname":"漯河市委书记蒿慧杰","id":500231,"subjectcontent":"马书记您好：我是临颖县巨陵镇罗山移民新村的村民郑景国。20l2年因胃癌动手术花完了家里所有钱，至今一直在家养病，老母亲八十五了，大女儿在上大学，二女儿上初中，儿子今年九岁在上小学，全家就靠妻子一人打工生活，为治病欠了别人几万元，妻子一月工资也就不到二千元，还不够三个孩子缴学费，为了生活我借钱建了个养殖场，建好了却把钱也花完了，现在能不能扶持我一下，让我养点猪也好还别人钱。","answercontent":"","typename":"求助","url":"http://liuyan.people.com.cn/threads/content?tid=4500121"}]}
18:41:25.939 [main] INFO  com.sohu.springbootdemo.SpringbootDemoApplication [line:50] - Starting SpringbootDemoApplication on HAOCHEN214934 with PID 22480 (D:\sohu_project\Pnews\springboot-demo\target\classes started by haochen214934 in D:\sohu_project\Pnews\springboot-demo)
18:41:25.949 [main] INFO  com.sohu.springbootdemo.SpringbootDemoApplication [line:679] - The following profiles are active: test
18:41:27.693 [main] INFO  org.apache.catalina.core.StandardService [line:173] - Starting service [Tomcat]
18:41:27.693 [main] INFO  org.apache.catalina.core.StandardEngine [line:173] - Starting Servlet engine: [Apache Tomcat/9.0.14]
18:41:27.700 [main] INFO  org.apache.catalina.core.AprLifecycleListener [line:173] - The APR based Apache Tomcat Native library which allows optimal performance in production environments was not found on the java.library.path: [D:\java\jdk1.8.0_171\bin;C:\WINDOWS\Sun\Java\bin;C:\WINDOWS\system32;C:\WINDOWS;C:\Program Files (x86)\Common Files\Oracle\Java\javapath;C:\WINDOWS\system32;C:\WINDOWS;C:\WINDOWS\System32\Wbem;C:\WINDOWS\System32\WindowsPowerShell\v1.0\;D:\OpenSSH\bin;D:\Git\cmd;D:\java\jdk1.8.0_171;C:\Program Files\MySQL\MySQL Server 8.0\bin;C:\Program Files (x86)\MySQL\MySQL Utilities 1.6\;D:\Redis;D:\zookeeper\zookeeper-3.4.14\bin;D:\Thrift;D:\nodejs\;D:\java_project\apache-maven-3.5.2\bin;C:\Users\haochen214934\AppData\Local\Programs\Python\Python37-32\Scripts\;C:\Users\haochen214934\AppData\Local\Programs\Python\Python37-32\;C:\Users\haochen214934\AppData\Local\Microsoft\WindowsApps;C:\Users\haochen214934\AppData\Local\BypassRuntm;C:\Users\haochen214934\AppData\Roaming\npm;.]
18:41:27.790 [main] INFO  o.a.c.core.ContainerBase.[Tomcat].[localhost].[/] [line:173] - Initializing Spring embedded WebApplicationContext
18:41:27.857 [main] INFO  com.sohu.springbootdemo.Filter.UrlFilter [line:24] - ----------------------->过滤器被创建
18:41:28.002 [main] INFO  org.apache.catalina.core.StandardService [line:173] - Stopping service [Tomcat]
18:41:28.003 [main] INFO  com.sohu.springbootdemo.Filter.UrlFilter [line:41] - ----------------------->过滤器被销毁
